[00:20:48] [main/WARN] (FabricLoader/Knot) Class path entry \Blockore\bin\default doesn't exist!
[00:20:48] [main/INFO] (FabricLoader/GameProvider) Loading Minecraft 1.18.1 with Fabric Loader 0.12.12
[00:20:48] [main/INFO] (FabricLoader) Loading 51 mods:
	- blockore 1.0.1
	- fabric 0.44.0+1.18
	- fabric-api-base 0.4.1+b4f4f6cdc8
	- fabric-api-lookup-api-v1 1.4.0+16d92c47c8
	- fabric-biome-api-v1 6.0.1+ded849a9c8
	- fabric-blockrenderlayer-v1 1.1.9+3ac43d95c8
	- fabric-command-api-v1 1.1.6+3ac43d95c8
	- fabric-commands-v0 0.2.5+b4f4f6cdc8
	- fabric-containers-v0 0.1.18+d154e2c6c8
	- fabric-content-registries-v0 0.4.5+6f53a73dc8
	- fabric-crash-report-info-v1 0.1.8+3ac43d95c8
	- fabric-data-generation-api-v1 1.0.0+3fec4ad9c8
	- fabric-dimensions-v1 2.1.7+43d29571c8
	- fabric-entity-events-v1 1.4.5+6b21378ac8
	- fabric-events-interaction-v0 0.4.16+bfa23f17c8
	- fabric-events-lifecycle-v0 0.2.6+b4f4f6cdc8
	- fabric-game-rule-api-v1 1.0.10+3ac43d95c8
	- fabric-gametest-api-v1 1.0.5+03d159cfc8
	- fabric-item-api-v1 1.3.0+691a79b5c8
	- fabric-item-groups-v0 0.3.3+3ac43d95c8
	- fabric-key-binding-api-v1 1.0.8+c8aba2f3c8
	- fabric-keybindings-v0 0.2.6+b4f4f6cdc8
	- fabric-lifecycle-events-v1 1.4.10+c15ca335c8
	- fabric-loot-tables-v1 1.0.8+3ac43d95c8
	- fabric-mining-level-api-v1 1.0.3+3ac43d95c8
	- fabric-mining-levels-v0 0.1.7+b4f4f6cdc8
	- fabric-models-v0 0.3.3+3ac43d95c8
	- fabric-networking-api-v1 1.0.18+3ac43d95c8
	- fabric-networking-v0 0.3.5+b4f4f6cdc8
	- fabric-object-builder-api-v1 1.11.0+3b82842ec8
	- fabric-object-builders-v0 0.7.8+3ac43d95c8
	- fabric-particles-v1 0.2.9+526dc1acc8
	- fabric-registry-sync-v0 0.8.5+3ac43d95c8
	- fabric-renderer-api-v1 0.4.9+3ac43d95c8
	- fabric-renderer-indigo 0.4.12+3ac43d95c8
	- fabric-renderer-registries-v1 3.2.7+b4f4f6cdc8
	- fabric-rendering-data-attachment-v1 0.3.4+7242e9d7c8
	- fabric-rendering-fluids-v1 0.1.18+3ac43d95c8
	- fabric-rendering-v0 1.1.9+b4f4f6cdc8
	- fabric-rendering-v1 1.10.3+6b21378ac8
	- fabric-resource-loader-v0 0.4.11+3ac43d95c8
	- fabric-screen-api-v1 1.0.7+3ac43d95c8
	- fabric-screen-handler-api-v1 1.1.11+3ac43d95c8
	- fabric-structure-api-v1 2.0.8+295197a7c8
	- fabric-tag-extensions-v0 1.2.5+3ac43d95c8
	- fabric-textures-v0 1.0.9+3ac43d95c8
	- fabric-tool-attribute-api-v1 1.3.4+7de09f55c8
	- fabric-transfer-api-v1 1.5.5+b4f4f6cdc8
	- fabricloader 0.12.12
	- java 17
	- minecraft 1.18.1
[00:20:48] [main/INFO] (FabricLoader/Mixin) SpongePowered MIXIN Subsystem Version=0.8.4 Source=file:/C:/Users/Jason/.gradle/caches/modules-2/files-2.1/net.fabricmc/sponge-mixin/0.10.7+mixin.0.8.4/7a4ca9d54d9ae564dea0363d668036a8420ed9b8/sponge-mixin-0.10.7+mixin.0.8.4.jar Service=Knot/Fabric Env=CLIENT
[00:20:48] [main/INFO] (FabricLoader/Mixin) Loaded Fabric development mappings for mixin remapper!
[00:20:49] [main/INFO] (FabricLoader/Mixin) Compatibility level set to JAVA_16
[00:20:52] [main/WARN] (FabricLoader/Mixin) @Inject(@At("INVOKE")) Shift.BY=3 on fabric-lifecycle-events-v1.mixins.json:client.WorldChunkMixin::handler$zfg000$onLoadBlockEntity exceeds the maximum allowed value: 0. Increase the value of maxShiftBy to suppress this warning.
[00:20:54] [Render thread/INFO] (Minecraft) Environment: authHost='https://authserver.mojang.com', accountsHost='https://api.mojang.com', sessionHost='https://sessionserver.mojang.com', servicesHost='https://api.minecraftservices.com', name='PROD'
[00:20:55] [Render thread/ERROR] (Minecraft) Failed to verify authentication
com.mojang.authlib.exceptions.InvalidCredentialsException: Status: 401
	at com.mojang.authlib.exceptions.MinecraftClientHttpException.toAuthenticationException(MinecraftClientHttpException.java:56) ~[authlib-3.2.38.jar:?]
	at com.mojang.authlib.yggdrasil.YggdrasilUserApiService.fetchProperties(YggdrasilUserApiService.java:132) ~[authlib-3.2.38.jar:?]
	at com.mojang.authlib.yggdrasil.YggdrasilUserApiService.<init>(YggdrasilUserApiService.java:44) ~[authlib-3.2.38.jar:?]
	at com.mojang.authlib.yggdrasil.YggdrasilAuthenticationService.createUserApiService(YggdrasilAuthenticationService.java:153) ~[authlib-3.2.38.jar:?]
	at net.minecraft.client.MinecraftClient.createUserApiService(MinecraftClient.java:670) [minecraft-project-@-mapped.jar:?]
	at net.minecraft.client.MinecraftClient.<init>(MinecraftClient.java:424) [minecraft-project-@-mapped.jar:?]
	at net.minecraft.client.main.Main.main(Main.java:199) [minecraft-project-@-mapped.jar:?]
	at jdk.internal.reflect.NativeMethodAccessorImpl.invoke0(Native Method) ~[?:?]
	at jdk.internal.reflect.NativeMethodAccessorImpl.invoke(NativeMethodAccessorImpl.java:77) ~[?:?]
	at jdk.internal.reflect.DelegatingMethodAccessorImpl.invoke(DelegatingMethodAccessorImpl.java:43) ~[?:?]
	at java.lang.reflect.Method.invoke(Method.java:568) ~[?:?]
	at net.fabricmc.loader.impl.game.minecraft.MinecraftGameProvider.launch(MinecraftGameProvider.java:608) [fabric-loader-0.12.12.jar:?]
	at net.fabricmc.loader.impl.launch.knot.Knot.launch(Knot.java:77) [fabric-loader-0.12.12.jar:?]
	at net.fabricmc.loader.impl.launch.knot.KnotClient.main(KnotClient.java:23) [fabric-loader-0.12.12.jar:?]
	at net.fabricmc.devlaunchinjector.Main.main(Main.java:86) [dev-launch-injector-0.2.1+build.8.jar:?]
Caused by: com.mojang.authlib.exceptions.MinecraftClientHttpException: Status: 401
	at com.mojang.authlib.minecraft.client.MinecraftClient.readInputStream(MinecraftClient.java:78) ~[authlib-3.2.38.jar:?]
	at com.mojang.authlib.minecraft.client.MinecraftClient.get(MinecraftClient.java:48) ~[authlib-3.2.38.jar:?]
	at com.mojang.authlib.yggdrasil.YggdrasilUserApiService.fetchProperties(YggdrasilUserApiService.java:113) ~[authlib-3.2.38.jar:?]
	... 13 more
[00:20:55] [Render thread/INFO] (Minecraft) Setting user: Player113
[00:20:55] [Render thread/INFO] (Indigo) [Indigo] Registering Indigo renderer!
[00:20:55] [Render thread/INFO] (Minecraft) Backend library: LWJGL version 3.2.2 build 10
[00:20:57] [Render thread/INFO] (Minecraft) Narrator library for x64 successfully loaded
[00:20:57] [Render thread/INFO] (Minecraft) Reloading ResourceManager: Default, Fabric Mods (Fabric Rendering (v1), Fabric Biome API (v1), Fabric Resource Loader (v0), Fabric Models (v0), Fabric Screen API (v1), Fabric Loader, Blockore, Fabric API, Fabric Rendering Fluids (v1), Fabric Transfer API (v1), Fabric Tool Attribute API (v1), Fabric Dimensions API (v1), Fabric API Base, Fabric Events Interaction (v0), Fabric Item API (v1), Fabric API Lookup API (v1), Fabric Containers (v0), Fabric Particles (v1), Fabric Entity Events (v1), Fabric Mining Levels (v0), Fabric Registry Sync (v0), Fabric BlockRenderLayer Registration (v1), Fabric Rendering (v0), Fabric Object Builder API (v1), Fabric Item Groups (v0), Fabric Lifecycle Events (v1), Fabric Key Binding API (v1), Fabric Command API (v1), Fabric Game Rule API (v1), Fabric Tag Extensions (v0), Fabric Networking (v0), Fabric Object Builders (v0), Fabric Crash Report Info (v1), Fabric Data Generation API (v1), Fabric Networking API (v1), Fabric Key Bindings (v0), Fabric Content Registries (v0), Fabric Rendering Data Attachment (v1), Fabric Game Test API (v1), Fabric Textures (v0), Fabric Events Lifecycle (v0), Fabric Renderer - Indigo, Fabric Renderer API (v1), Fabric Commands (v0), Fabric Structure API (v1), Fabric Loot Tables (v1), Fabric Renderer Registries (v1), Fabric Screen Handler API (v1), Fabric Mining Level API (v1))
[00:20:58] [Realms Notification Availability checker #1/INFO] (Minecraft) Could not authorize you against Realms server: Invalid session id
[00:20:59] [Render thread/INFO] (Minecraft) OpenAL initialized on device OpenAL Soft on Haut-parleurs (Realtek(R) Audio)
[00:20:59] [Render thread/INFO] (Minecraft) Sound engine started
[00:20:59] [Render thread/INFO] (Minecraft) Created: 1024x1024x4 minecraft:textures/atlas/blocks.png-atlas
[00:20:59] [Render thread/INFO] (Minecraft) Created: 256x128x4 minecraft:textures/atlas/signs.png-atlas
[00:20:59] [Render thread/INFO] (Minecraft) Created: 1024x512x4 minecraft:textures/atlas/banner_patterns.png-atlas
[00:20:59] [Render thread/INFO] (Minecraft) Created: 1024x512x4 minecraft:textures/atlas/shield_patterns.png-atlas
[00:20:59] [Render thread/INFO] (Minecraft) Created: 256x256x4 minecraft:textures/atlas/chest.png-atlas
[00:20:59] [Render thread/INFO] (Minecraft) Created: 512x256x4 minecraft:textures/atlas/beds.png-atlas
[00:20:59] [Render thread/INFO] (Minecraft) Created: 512x256x4 minecraft:textures/atlas/shulker_boxes.png-atlas
[00:21:00] [Render thread/INFO] (Minecraft) Created: 256x256x0 minecraft:textures/atlas/particles.png-atlas
[00:21:00] [Render thread/INFO] (Minecraft) Created: 256x256x0 minecraft:textures/atlas/paintings.png-atlas
[00:21:00] [Render thread/INFO] (Minecraft) Created: 256x128x0 minecraft:textures/atlas/mob_effects.png-atlas
[00:21:05] [Render thread/WARN] (Minecraft) Ambiguity between arguments [teleport, location] and [teleport, destination] with inputs: [0.1 -0.5 .9, 0 0 0]
[00:21:05] [Render thread/WARN] (Minecraft) Ambiguity between arguments [teleport, location] and [teleport, targets] with inputs: [0.1 -0.5 .9, 0 0 0]
[00:21:05] [Render thread/WARN] (Minecraft) Ambiguity between arguments [teleport, destination] and [teleport, targets] with inputs: [Player, 0123, @e, dd12be42-52a9-4a91-a8a1-11c01849e498]
[00:21:05] [Render thread/WARN] (Minecraft) Ambiguity between arguments [teleport, targets] and [teleport, destination] with inputs: [Player, 0123, dd12be42-52a9-4a91-a8a1-11c01849e498]
[00:21:05] [Render thread/WARN] (Minecraft) Ambiguity between arguments [teleport, targets, location] and [teleport, targets, destination] with inputs: [0.1 -0.5 .9, 0 0 0]
[00:21:05] [Render thread/INFO] (Minecraft) Reloading ResourceManager: Default, Fabric Mods (Blockore, Fabric Tool Attribute API (v1), Fabric Game Test API (v1))
[00:21:05] [Render thread/INFO] (Minecraft) Loaded 7 recipes
[00:21:06] [Render thread/INFO] (Minecraft) Loaded 1141 advancements
[00:21:06] [Render thread/INFO] (BiomeModificationImpl) Applied 0 biome modifications to 0 of 61 new biomes in 1.086 ms
[00:21:06] [Render thread/INFO] (Minecraft) Environment: authHost='https://authserver.mojang.com', accountsHost='https://api.mojang.com', sessionHost='https://sessionserver.mojang.com', servicesHost='https://api.minecraftservices.com', name='PROD'
[00:21:06] [Server thread/INFO] (Minecraft) Starting integrated minecraft server version 1.18.1
[00:21:06] [Server thread/INFO] (Minecraft) Generating keypair
[00:21:06] [Server thread/INFO] (Minecraft) Preparing start region for dimension minecraft:overworld
[00:21:07] [Render thread/INFO] (Minecraft) Préparation de la zone d'apparition : 0 %
[00:21:07] [Render thread/INFO] (Minecraft) Préparation de la zone d'apparition : 0 %
[00:21:08] [Render thread/INFO] (Minecraft) Préparation de la zone d'apparition : 0 %
[00:21:08] [Render thread/INFO] (Minecraft) Préparation de la zone d'apparition : 0 %
[00:21:09] [Render thread/INFO] (Minecraft) Préparation de la zone d'apparition : 0 %
[00:21:09] [Render thread/INFO] (Minecraft) Préparation de la zone d'apparition : 0 %
[00:21:10] [Render thread/INFO] (Minecraft) Préparation de la zone d'apparition : 34 %
[00:21:10] [Render thread/INFO] (Minecraft) Préparation de la zone d'apparition : 67 %
[00:21:11] [Server thread/INFO] (Minecraft) Changing view distance to 12, from 10
[00:21:11] [Server thread/INFO] (Minecraft) Changing simulation distance to 12, from 0
[00:21:11] [Render thread/INFO] (Minecraft) Préparation de la zone d'apparition : 86 %
[00:21:11] [Render thread/INFO] (Minecraft) Préparation de la zone d'apparition : 86 %
[00:21:11] [Render thread/INFO] (Minecraft) Time elapsed: 4850 ms
[00:21:11] [Server thread/INFO] (Minecraft) Player113[local:E:f03a94de] logged in with entity id 16 at (2.6915201866631007, -60.0, -11.172706604444967)
[00:21:12] [Server thread/INFO] (Minecraft) Player113 a rejoint la partie
[00:21:15] [Render thread/INFO] (Minecraft) Loaded 32 advancements
[00:21:34] [Render thread/INFO] (Minecraft) [CHAT] Capture d'écran enregistrée sous le nom de 2022-01-09_00.21.34.png
[00:21:35] [Server thread/INFO] (Minecraft) Saving and pausing game...
[00:21:35] [Server thread/INFO] (Minecraft) Saving chunks for level 'ServerLevel[New World]'/minecraft:overworld
[00:21:35] [Server thread/INFO] (Minecraft) Saving chunks for level 'ServerLevel[New World]'/minecraft:the_nether
[00:21:35] [Server thread/INFO] (Minecraft) Saving chunks for level 'ServerLevel[New World]'/minecraft:the_end
[00:23:20] [Render thread/INFO] (Minecraft) [CHAT] Capture d'écran enregistrée sous le nom de 2022-01-09_00.23.20.png
[00:23:24] [Server thread/INFO] (Minecraft) Saving and pausing game...
[00:23:24] [Server thread/INFO] (Minecraft) Saving chunks for level 'ServerLevel[New World]'/minecraft:overworld
[00:23:24] [Server thread/INFO] (Minecraft) Saving chunks for level 'ServerLevel[New World]'/minecraft:the_nether
[00:23:24] [Server thread/INFO] (Minecraft) Saving chunks for level 'ServerLevel[New World]'/minecraft:the_end
[00:23:25] [Server thread/INFO] (Minecraft) Player113 lost connection: Déconnecté(e)
[00:23:25] [Server thread/INFO] (Minecraft) Player113 a quitté la partie
[00:23:25] [Server thread/INFO] (Minecraft) Stopping singleplayer server as player logged out
[00:23:25] [Server thread/INFO] (Minecraft) Stopping server
[00:23:25] [Server thread/INFO] (Minecraft) Saving players
[00:23:25] [Server thread/INFO] (Minecraft) Saving worlds
[00:23:25] [Server thread/INFO] (Minecraft) Saving chunks for level 'ServerLevel[New World]'/minecraft:overworld
[00:23:25] [Server thread/INFO] (Minecraft) Saving chunks for level 'ServerLevel[New World]'/minecraft:the_nether
[00:23:25] [Server thread/INFO] (Minecraft) Saving chunks for level 'ServerLevel[New World]'/minecraft:the_end
[00:23:25] [Server thread/INFO] (Minecraft) ThreadedAnvilChunkStorage (New World (1)): All chunks are saved
[00:23:25] [Server thread/INFO] (Minecraft) ThreadedAnvilChunkStorage (DIM-1): All chunks are saved
[00:23:25] [Server thread/INFO] (Minecraft) ThreadedAnvilChunkStorage (DIM1): All chunks are saved
[00:23:25] [Server thread/INFO] (Minecraft) ThreadedAnvilChunkStorage: All dimensions are saved
[00:23:26] [Render thread/INFO] (Minecraft) Stopping!
